<?xml version="1.0" encoding="UTF-8"?>
<!-- Generated by org.testng.reporters.JUnitXMLReporter -->
<testsuite ignored="0" hostname="DESKTOP-8RJMFA9" failures="1" tests="11" name="Surefire test" time="227.843" errors="0" timestamp="2020-08-22T22:21:48 IST">
  <testcase classname="com.samplecrm.qa.testcases.ContactsPageTest" name="addContact" time="3.457"/>
  <testcase classname="com.samplecrm.qa.testcases.ContactsPageTest" name="addContact" time="3.498"/>
  <testcase classname="com.samplecrm.qa.testcases.ContactsPageTest" name="addContact" time="3.598"/>
  <testcase classname="com.samplecrm.qa.testcases.ContactsPageTest" name="selectSingleContactsTest" time="25.01">
    <failure type="org.openqa.selenium.NoSuchElementException" message="no such element: Unable to locate element: {&amp;quot;method&amp;quot;:&amp;quot;xpath&amp;quot;,&amp;quot;selector&amp;quot;:&amp;quot;(//a[@_name=&amp;apos;Divya Dutta&amp;apos;])[1]/parent::td/preceding-sibling::td/input&amp;quot;}
  (Session info: chrome=84.0.4147.135)
For documentation on this error, please visit: https://selenium.dev/exceptions/#no_such_element
Build info: version: &amp;apos;4.0.0-alpha-6&amp;apos;, revision: &amp;apos;5f43a29cfc&amp;apos;
System info: host: &amp;apos;DESKTOP-8RJMFA9&amp;apos;, ip: &amp;apos;192.168.1.18&amp;apos;, os.name: &amp;apos;Windows 10&amp;apos;, os.arch: &amp;apos;amd64&amp;apos;, os.version: &amp;apos;10.0&amp;apos;, java.version: &amp;apos;9.0.4&amp;apos;
Driver info: org.openqa.selenium.chrome.ChromeDriver
Capabilities {acceptInsecureCerts: false, browserName: chrome, browserVersion: 84.0.4147.135, chrome: {chromedriverVersion: 84.0.4147.30 (48b3e868b4cc0..., userDataDir: C:\Users\Yatan\AppData\Loca...}, goog:chromeOptions: {debuggerAddress: localhost:53007}, javascriptEnabled: true, networkConnectionEnabled: false, pageLoadStrategy: normal, platform: WINDOWS, platformName: WINDOWS, proxy: Proxy(), setWindowRect: true, strictFileInteractability: false, timeouts: {implicit: 0, pageLoad: 300000, script: 30000}, unhandledPromptBehavior: dismiss and notify, webauthn:virtualAuthenticators: true}
Session ID: a982d88b9894c2860012fa191b882487
*** Element info: {Using=xpath, value=(//a[@_name=&amp;apos;Divya Dutta&amp;apos;])[1]/parent::td/preceding-sibling::td/input}">
      <![CDATA[org.openqa.selenium.NoSuchElementException: no such element: Unable to locate element: {"method":"xpath","selector":"(//a[@_name='Divya Dutta'])[1]/parent::td/preceding-sibling::td/input"}
  (Session info: chrome=84.0.4147.135)
For documentation on this error, please visit: https://selenium.dev/exceptions/#no_such_element
Build info: version: '4.0.0-alpha-6', revision: '5f43a29cfc'
System info: host: 'DESKTOP-8RJMFA9', ip: '192.168.1.18', os.name: 'Windows 10', os.arch: 'amd64', os.version: '10.0', java.version: '9.0.4'
Driver info: org.openqa.selenium.chrome.ChromeDriver
Capabilities {acceptInsecureCerts: false, browserName: chrome, browserVersion: 84.0.4147.135, chrome: {chromedriverVersion: 84.0.4147.30 (48b3e868b4cc0..., userDataDir: C:\Users\Yatan\AppData\Loca...}, goog:chromeOptions: {debuggerAddress: localhost:53007}, javascriptEnabled: true, networkConnectionEnabled: false, pageLoadStrategy: normal, platform: WINDOWS, platformName: WINDOWS, proxy: Proxy(), setWindowRect: true, strictFileInteractability: false, timeouts: {implicit: 0, pageLoad: 300000, script: 30000}, unhandledPromptBehavior: dismiss and notify, webauthn:virtualAuthenticators: true}
Session ID: a982d88b9894c2860012fa191b882487
*** Element info: {Using=xpath, value=(//a[@_name='Divya Dutta'])[1]/parent::td/preceding-sibling::td/input}
at org.openqa.selenium.remote.codec.w3c.W3CHttpResponseCodec.createException(W3CHttpResponseCodec.java:196)
at org.openqa.selenium.remote.codec.w3c.W3CHttpResponseCodec.decode(W3CHttpResponseCodec.java:129)
at org.openqa.selenium.remote.codec.w3c.W3CHttpResponseCodec.decode(W3CHttpResponseCodec.java:53)
at org.openqa.selenium.remote.HttpCommandExecutor.execute(HttpCommandExecutor.java:160)
at org.openqa.selenium.remote.service.DriverCommandExecutor.execute(DriverCommandExecutor.java:83)
at org.openqa.selenium.remote.RemoteWebDriver.execute(RemoteWebDriver.java:582)
at org.openqa.selenium.remote.RemoteWebDriver.findElement(RemoteWebDriver.java:333)
at org.openqa.selenium.remote.RemoteWebDriver.findElementByXPath(RemoteWebDriver.java:451)
at org.openqa.selenium.By$ByXPath.findElement(By.java:394)
at org.openqa.selenium.remote.RemoteWebDriver.findElement(RemoteWebDriver.java:325)
at com.samplecrm.qa.pages.ContactsPage.selectContacts(ContactsPage.java:37)
at com.samplecrm.qa.testcases.ContactsPageTest.selectSingleContactsTest(ContactsPageTest.java:44)
at java.base/java.util.ArrayList.forEach(ArrayList.java:1380)
... Removed 36 stack frames]]>
    </failure>
  </testcase> <!-- selectSingleContactsTest -->
  <testcase classname="com.samplecrm.qa.testcases.ContactsPageTest" name="verifyContactsPageLabel" time="0.024"/>
  <testcase classname="com.samplecrm.qa.testcases.HomePageTest" name="clickContactsLinkTest" time="1.334"/>
  <testcase classname="com.samplecrm.qa.testcases.HomePageTest" name="verifyCRMImageTest" time="0.053"/>
  <testcase classname="com.samplecrm.qa.testcases.HomePageTest" name="verifyUserTest" time="0.058"/>
  <testcase classname="com.samplecrm.qa.testcases.LoginPageTest" name="ImageTest" time="0.042"/>
  <testcase classname="com.samplecrm.qa.testcases.LoginPageTest" name="TitleTest" time="0.019"/>
  <testcase classname="com.samplecrm.qa.testcases.LoginPageTest" name="loginTest" time="6.988"/>
</testsuite> <!-- Surefire test -->
