<?xml version="1.0" encoding="UTF-8"?>
<testng-results skipped="3" failed="0" ignored="0" total="3" passed="0">
  <reporter-output>
  </reporter-output>
  <suite name="Default suite" duration-ms="14873" started-at="2020-08-22T14:10:26 IST" finished-at="2020-08-22T14:10:41 IST">
    <groups>
    </groups>
    <test name="Default test" duration-ms="14873" started-at="2020-08-22T14:10:26 IST" finished-at="2020-08-22T14:10:41 IST">
      <class name="com.samplecrm.qa.testcases.HomePageTest">
        <test-method status="FAIL" signature="setup()[pri:0, instance:com.samplecrm.qa.testcases.HomePageTest@32d2fa64]" name="setup" is-config="true" duration-ms="14773" started-at="2020-08-22T14:10:26 IST" finished-at="2020-08-22T14:10:41 IST">
          <exception class="org.openqa.selenium.SessionNotCreatedException">
            <message>
              <![CDATA[session not created
from chrome not reachable
  (Session info: chrome=84.0.4147.135)
Build info: version: '4.0.0-alpha-6', revision: '5f43a29cfc'
System info: host: 'DESKTOP-8RJMFA9', ip: '192.168.1.18', os.name: 'Windows 10', os.arch: 'amd64', os.version: '10.0', java.version: '1.8.0_251'
Driver info: driver.version: ChromeDriver
remote stacktrace: Backtrace:
Ordinal0 [0x003887E3+2852835]
Ordinal0 [0x00275BB1+1727409]
Ordinal0 [0x0014E362+516962]
Ordinal0 [0x00147D82+490882]
Ordinal0 [0x0014846B+492651]
Ordinal0 [0x001493C5+496581]
Ordinal0 [0x00144D64+478564]
Ordinal0 [0x0014F300+520960]
Ordinal0 [0x000FE489+189577]
Ordinal0 [0x000FD7FD+186365]
Ordinal0 [0x000FB70B+177931]
Ordinal0 [0x000E2584+75140]
Ordinal0 [0x000E3650+79440]
Ordinal0 [0x000E35E9+79337]
Ordinal0 [0x0028AD5C+1813852]
GetHandleVerifier [0x004AC616+1075574]
GetHandleVerifier [0x004AC367+1074887]
GetHandleVerifier [0x004B7497+1120247]
GetHandleVerifier [0x004ACC16+1077110]
Ordinal0 [0x00283206+1782278]
Ordinal0 [0x0028C3BB+1819579]
Ordinal0 [0x0028C523+1819939]
Ordinal0 [0x002A2B45+1911621]
BaseThreadInitThunk [0x76556359+25]
RtlGetAppContainerNamedObjectPath [0x77C57C24+228]
RtlGetAppContainerNamedObjectPath [0x77C57BF4+180]
(No symbol) [0x00000000]
]]>
            </message>
            <full-stacktrace>
              <![CDATA[org.openqa.selenium.SessionNotCreatedException: session not created
from chrome not reachable
  (Session info: chrome=84.0.4147.135)
Build info: version: '4.0.0-alpha-6', revision: '5f43a29cfc'
System info: host: 'DESKTOP-8RJMFA9', ip: '192.168.1.18', os.name: 'Windows 10', os.arch: 'amd64', os.version: '10.0', java.version: '1.8.0_251'
Driver info: driver.version: ChromeDriver
remote stacktrace: Backtrace:
Ordinal0 [0x003887E3+2852835]
Ordinal0 [0x00275BB1+1727409]
Ordinal0 [0x0014E362+516962]
Ordinal0 [0x00147D82+490882]
Ordinal0 [0x0014846B+492651]
Ordinal0 [0x001493C5+496581]
Ordinal0 [0x00144D64+478564]
Ordinal0 [0x0014F300+520960]
Ordinal0 [0x000FE489+189577]
Ordinal0 [0x000FD7FD+186365]
Ordinal0 [0x000FB70B+177931]
Ordinal0 [0x000E2584+75140]
Ordinal0 [0x000E3650+79440]
Ordinal0 [0x000E35E9+79337]
Ordinal0 [0x0028AD5C+1813852]
GetHandleVerifier [0x004AC616+1075574]
GetHandleVerifier [0x004AC367+1074887]
GetHandleVerifier [0x004B7497+1120247]
GetHandleVerifier [0x004ACC16+1077110]
Ordinal0 [0x00283206+1782278]
Ordinal0 [0x0028C3BB+1819579]
Ordinal0 [0x0028C523+1819939]
Ordinal0 [0x002A2B45+1911621]
BaseThreadInitThunk [0x76556359+25]
RtlGetAppContainerNamedObjectPath [0x77C57C24+228]
RtlGetAppContainerNamedObjectPath [0x77C57BF4+180]
(No symbol) [0x00000000]

at sun.reflect.NativeConstructorAccessorImpl.newInstance0(Native Method)
at sun.reflect.NativeConstructorAccessorImpl.newInstance(NativeConstructorAccessorImpl.java:62)
at sun.reflect.DelegatingConstructorAccessorImpl.newInstance(DelegatingConstructorAccessorImpl.java:45)
at java.lang.reflect.Constructor.newInstance(Constructor.java:423)
at org.openqa.selenium.remote.W3CHandshakeResponse.lambda$errorHandler$0(W3CHandshakeResponse.java:62)
at org.openqa.selenium.remote.HandshakeResponse.lambda$getResponseFunction$0(HandshakeResponse.java:30)
at org.openqa.selenium.remote.ProtocolHandshake.lambda$createSession$1(ProtocolHandshake.java:126)
at java.util.stream.ReferencePipeline$3$1.accept(ReferencePipeline.java:193)
at java.util.Spliterators$ArraySpliterator.tryAdvance(Spliterators.java:958)
at java.util.stream.ReferencePipeline.forEachWithCancel(ReferencePipeline.java:126)
at java.util.stream.AbstractPipeline.copyIntoWithCancel(AbstractPipeline.java:499)
at java.util.stream.AbstractPipeline.copyInto(AbstractPipeline.java:486)
at java.util.stream.AbstractPipeline.wrapAndCopyInto(AbstractPipeline.java:472)
at java.util.stream.FindOps$FindOp.evaluateSequential(FindOps.java:152)
at java.util.stream.AbstractPipeline.evaluate(AbstractPipeline.java:234)
at java.util.stream.ReferencePipeline.findFirst(ReferencePipeline.java:464)
at org.openqa.selenium.remote.ProtocolHandshake.createSession(ProtocolHandshake.java:128)
at org.openqa.selenium.remote.ProtocolHandshake.createSession(ProtocolHandshake.java:75)
at org.openqa.selenium.remote.HttpCommandExecutor.execute(HttpCommandExecutor.java:138)
at org.openqa.selenium.remote.service.DriverCommandExecutor.execute(DriverCommandExecutor.java:83)
at org.openqa.selenium.remote.RemoteWebDriver.execute(RemoteWebDriver.java:582)
at org.openqa.selenium.remote.RemoteWebDriver.startSession(RemoteWebDriver.java:216)
at org.openqa.selenium.remote.RemoteWebDriver.<init>(RemoteWebDriver.java:136)
at org.openqa.selenium.chromium.ChromiumDriver.<init>(ChromiumDriver.java:75)
at org.openqa.selenium.chrome.ChromeDriver.<init>(ChromeDriver.java:163)
at org.openqa.selenium.chrome.ChromeDriver.<init>(ChromeDriver.java:150)
at org.openqa.selenium.chrome.ChromeDriver.<init>(ChromeDriver.java:105)
at com.samplecrm.qa.base.TestBase.Initialization(TestBase.java:39)
at com.samplecrm.qa.testcases.HomePageTest.setup(HomePageTest.java:24)
at sun.reflect.NativeMethodAccessorImpl.invoke0(Native Method)
at sun.reflect.NativeMethodAccessorImpl.invoke(NativeMethodAccessorImpl.java:62)
at sun.reflect.DelegatingMethodAccessorImpl.invoke(DelegatingMethodAccessorImpl.java:43)
at java.lang.reflect.Method.invoke(Method.java:498)
at org.testng.internal.MethodInvocationHelper.invokeMethod(MethodInvocationHelper.java:134)
at org.testng.internal.MethodInvocationHelper.invokeMethodConsideringTimeout(MethodInvocationHelper.java:63)
at org.testng.internal.ConfigInvoker.invokeConfigurationMethod(ConfigInvoker.java:348)
at org.testng.internal.ConfigInvoker.invokeConfigurations(ConfigInvoker.java:302)
at org.testng.internal.TestInvoker.runConfigMethods(TestInvoker.java:695)
at org.testng.internal.TestInvoker.invokeMethod(TestInvoker.java:523)
at org.testng.internal.TestInvoker.invokeTestMethod(TestInvoker.java:173)
at org.testng.internal.MethodRunner.runInSequence(MethodRunner.java:46)
at org.testng.internal.TestInvoker$MethodInvocationAgent.invoke(TestInvoker.java:816)
at org.testng.internal.TestInvoker.invokeTestMethods(TestInvoker.java:146)
at org.testng.internal.TestMethodWorker.invokeTestMethods(TestMethodWorker.java:146)
at org.testng.internal.TestMethodWorker.run(TestMethodWorker.java:128)
at java.util.ArrayList.forEach(ArrayList.java:1257)
at org.testng.TestRunner.privateRun(TestRunner.java:766)
at org.testng.TestRunner.run(TestRunner.java:587)
at org.testng.SuiteRunner.runTest(SuiteRunner.java:384)
at org.testng.SuiteRunner.runSequentially(SuiteRunner.java:378)
at org.testng.SuiteRunner.privateRun(SuiteRunner.java:337)
at org.testng.SuiteRunner.run(SuiteRunner.java:286)
at org.testng.SuiteRunnerWorker.runSuite(SuiteRunnerWorker.java:53)
at org.testng.SuiteRunnerWorker.run(SuiteRunnerWorker.java:96)
at org.testng.TestNG.runSuitesSequentially(TestNG.java:1187)
at org.testng.TestNG.runSuitesLocally(TestNG.java:1109)
at org.testng.TestNG.runSuites(TestNG.java:1039)
at org.testng.TestNG.run(TestNG.java:1007)
at org.testng.remote.AbstractRemoteTestNG.run(AbstractRemoteTestNG.java:115)
at org.testng.remote.RemoteTestNG.initAndRun(RemoteTestNG.java:251)
at org.testng.remote.RemoteTestNG.main(RemoteTestNG.java:77)
]]>
            </full-stacktrace>
          </exception> <!-- org.openqa.selenium.SessionNotCreatedException -->
          <reporter-output>
          </reporter-output>
        </test-method> <!-- setup -->
        <test-method status="SKIP" signature="clickContactsLinkTest()[pri:0, instance:com.samplecrm.qa.testcases.HomePageTest@32d2fa64]" name="clickContactsLinkTest" duration-ms="0" started-at="2020-08-22T14:10:41 IST" finished-at="2020-08-22T14:10:41 IST">
          <exception class="org.openqa.selenium.SessionNotCreatedException">
            <message>
              <![CDATA[session not created
from chrome not reachable
  (Session info: chrome=84.0.4147.135)
Build info: version: '4.0.0-alpha-6', revision: '5f43a29cfc'
System info: host: 'DESKTOP-8RJMFA9', ip: '192.168.1.18', os.name: 'Windows 10', os.arch: 'amd64', os.version: '10.0', java.version: '1.8.0_251'
Driver info: driver.version: ChromeDriver
remote stacktrace: Backtrace:
Ordinal0 [0x003887E3+2852835]
Ordinal0 [0x00275BB1+1727409]
Ordinal0 [0x0014E362+516962]
Ordinal0 [0x00147D82+490882]
Ordinal0 [0x0014846B+492651]
Ordinal0 [0x001493C5+496581]
Ordinal0 [0x00144D64+478564]
Ordinal0 [0x0014F300+520960]
Ordinal0 [0x000FE489+189577]
Ordinal0 [0x000FD7FD+186365]
Ordinal0 [0x000FB70B+177931]
Ordinal0 [0x000E2584+75140]
Ordinal0 [0x000E3650+79440]
Ordinal0 [0x000E35E9+79337]
Ordinal0 [0x0028AD5C+1813852]
GetHandleVerifier [0x004AC616+1075574]
GetHandleVerifier [0x004AC367+1074887]
GetHandleVerifier [0x004B7497+1120247]
GetHandleVerifier [0x004ACC16+1077110]
Ordinal0 [0x00283206+1782278]
Ordinal0 [0x0028C3BB+1819579]
Ordinal0 [0x0028C523+1819939]
Ordinal0 [0x002A2B45+1911621]
BaseThreadInitThunk [0x76556359+25]
RtlGetAppContainerNamedObjectPath [0x77C57C24+228]
RtlGetAppContainerNamedObjectPath [0x77C57BF4+180]
(No symbol) [0x00000000]
]]>
            </message>
            <full-stacktrace>
              <![CDATA[org.openqa.selenium.SessionNotCreatedException: session not created
from chrome not reachable
  (Session info: chrome=84.0.4147.135)
Build info: version: '4.0.0-alpha-6', revision: '5f43a29cfc'
System info: host: 'DESKTOP-8RJMFA9', ip: '192.168.1.18', os.name: 'Windows 10', os.arch: 'amd64', os.version: '10.0', java.version: '1.8.0_251'
Driver info: driver.version: ChromeDriver
remote stacktrace: Backtrace:
Ordinal0 [0x003887E3+2852835]
Ordinal0 [0x00275BB1+1727409]
Ordinal0 [0x0014E362+516962]
Ordinal0 [0x00147D82+490882]
Ordinal0 [0x0014846B+492651]
Ordinal0 [0x001493C5+496581]
Ordinal0 [0x00144D64+478564]
Ordinal0 [0x0014F300+520960]
Ordinal0 [0x000FE489+189577]
Ordinal0 [0x000FD7FD+186365]
Ordinal0 [0x000FB70B+177931]
Ordinal0 [0x000E2584+75140]
Ordinal0 [0x000E3650+79440]
Ordinal0 [0x000E35E9+79337]
Ordinal0 [0x0028AD5C+1813852]
GetHandleVerifier [0x004AC616+1075574]
GetHandleVerifier [0x004AC367+1074887]
GetHandleVerifier [0x004B7497+1120247]
GetHandleVerifier [0x004ACC16+1077110]
Ordinal0 [0x00283206+1782278]
Ordinal0 [0x0028C3BB+1819579]
Ordinal0 [0x0028C523+1819939]
Ordinal0 [0x002A2B45+1911621]
BaseThreadInitThunk [0x76556359+25]
RtlGetAppContainerNamedObjectPath [0x77C57C24+228]
RtlGetAppContainerNamedObjectPath [0x77C57BF4+180]
(No symbol) [0x00000000]

at sun.reflect.NativeConstructorAccessorImpl.newInstance0(Native Method)
at sun.reflect.NativeConstructorAccessorImpl.newInstance(NativeConstructorAccessorImpl.java:62)
at sun.reflect.DelegatingConstructorAccessorImpl.newInstance(DelegatingConstructorAccessorImpl.java:45)
at java.lang.reflect.Constructor.newInstance(Constructor.java:423)
at org.openqa.selenium.remote.W3CHandshakeResponse.lambda$errorHandler$0(W3CHandshakeResponse.java:62)
at org.openqa.selenium.remote.HandshakeResponse.lambda$getResponseFunction$0(HandshakeResponse.java:30)
at org.openqa.selenium.remote.ProtocolHandshake.lambda$createSession$1(ProtocolHandshake.java:126)
at java.util.stream.ReferencePipeline$3$1.accept(ReferencePipeline.java:193)
at java.util.Spliterators$ArraySpliterator.tryAdvance(Spliterators.java:958)
at java.util.stream.ReferencePipeline.forEachWithCancel(ReferencePipeline.java:126)
at java.util.stream.AbstractPipeline.copyIntoWithCancel(AbstractPipeline.java:499)
at java.util.stream.AbstractPipeline.copyInto(AbstractPipeline.java:486)
at java.util.stream.AbstractPipeline.wrapAndCopyInto(AbstractPipeline.java:472)
at java.util.stream.FindOps$FindOp.evaluateSequential(FindOps.java:152)
at java.util.stream.AbstractPipeline.evaluate(AbstractPipeline.java:234)
at java.util.stream.ReferencePipeline.findFirst(ReferencePipeline.java:464)
at org.openqa.selenium.remote.ProtocolHandshake.createSession(ProtocolHandshake.java:128)
at org.openqa.selenium.remote.ProtocolHandshake.createSession(ProtocolHandshake.java:75)
at org.openqa.selenium.remote.HttpCommandExecutor.execute(HttpCommandExecutor.java:138)
at org.openqa.selenium.remote.service.DriverCommandExecutor.execute(DriverCommandExecutor.java:83)
at org.openqa.selenium.remote.RemoteWebDriver.execute(RemoteWebDriver.java:582)
at org.openqa.selenium.remote.RemoteWebDriver.startSession(RemoteWebDriver.java:216)
at org.openqa.selenium.remote.RemoteWebDriver.<init>(RemoteWebDriver.java:136)
at org.openqa.selenium.chromium.ChromiumDriver.<init>(ChromiumDriver.java:75)
at org.openqa.selenium.chrome.ChromeDriver.<init>(ChromeDriver.java:163)
at org.openqa.selenium.chrome.ChromeDriver.<init>(ChromeDriver.java:150)
at org.openqa.selenium.chrome.ChromeDriver.<init>(ChromeDriver.java:105)
at com.samplecrm.qa.base.TestBase.Initialization(TestBase.java:39)
at com.samplecrm.qa.testcases.HomePageTest.setup(HomePageTest.java:24)
at sun.reflect.NativeMethodAccessorImpl.invoke0(Native Method)
at sun.reflect.NativeMethodAccessorImpl.invoke(NativeMethodAccessorImpl.java:62)
at sun.reflect.DelegatingMethodAccessorImpl.invoke(DelegatingMethodAccessorImpl.java:43)
at java.lang.reflect.Method.invoke(Method.java:498)
at org.testng.internal.MethodInvocationHelper.invokeMethod(MethodInvocationHelper.java:134)
at org.testng.internal.MethodInvocationHelper.invokeMethodConsideringTimeout(MethodInvocationHelper.java:63)
at org.testng.internal.ConfigInvoker.invokeConfigurationMethod(ConfigInvoker.java:348)
at org.testng.internal.ConfigInvoker.invokeConfigurations(ConfigInvoker.java:302)
at org.testng.internal.TestInvoker.runConfigMethods(TestInvoker.java:695)
at org.testng.internal.TestInvoker.invokeMethod(TestInvoker.java:523)
at org.testng.internal.TestInvoker.invokeTestMethod(TestInvoker.java:173)
at org.testng.internal.MethodRunner.runInSequence(MethodRunner.java:46)
at org.testng.internal.TestInvoker$MethodInvocationAgent.invoke(TestInvoker.java:816)
at org.testng.internal.TestInvoker.invokeTestMethods(TestInvoker.java:146)
at org.testng.internal.TestMethodWorker.invokeTestMethods(TestMethodWorker.java:146)
at org.testng.internal.TestMethodWorker.run(TestMethodWorker.java:128)
at java.util.ArrayList.forEach(ArrayList.java:1257)
at org.testng.TestRunner.privateRun(TestRunner.java:766)
at org.testng.TestRunner.run(TestRunner.java:587)
at org.testng.SuiteRunner.runTest(SuiteRunner.java:384)
at org.testng.SuiteRunner.runSequentially(SuiteRunner.java:378)
at org.testng.SuiteRunner.privateRun(SuiteRunner.java:337)
at org.testng.SuiteRunner.run(SuiteRunner.java:286)
at org.testng.SuiteRunnerWorker.runSuite(SuiteRunnerWorker.java:53)
at org.testng.SuiteRunnerWorker.run(SuiteRunnerWorker.java:96)
at org.testng.TestNG.runSuitesSequentially(TestNG.java:1187)
at org.testng.TestNG.runSuitesLocally(TestNG.java:1109)
at org.testng.TestNG.runSuites(TestNG.java:1039)
at org.testng.TestNG.run(TestNG.java:1007)
at org.testng.remote.AbstractRemoteTestNG.run(AbstractRemoteTestNG.java:115)
at org.testng.remote.RemoteTestNG.initAndRun(RemoteTestNG.java:251)
at org.testng.remote.RemoteTestNG.main(RemoteTestNG.java:77)
]]>
            </full-stacktrace>
          </exception> <!-- org.openqa.selenium.SessionNotCreatedException -->
          <reporter-output>
          </reporter-output>
        </test-method> <!-- clickContactsLinkTest -->
        <test-method status="SKIP" signature="teardown()[pri:0, instance:com.samplecrm.qa.testcases.HomePageTest@32d2fa64]" name="teardown" is-config="true" duration-ms="-1598085641222" started-at="2020-08-22T14:10:41 IST" finished-at="1970-01-01T05:30:00 IST">
          <reporter-output>
          </reporter-output>
        </test-method> <!-- teardown -->
        <test-method status="SKIP" signature="verifyCRMImageTest()[pri:0, instance:com.samplecrm.qa.testcases.HomePageTest@32d2fa64]" name="verifyCRMImageTest" duration-ms="0" started-at="2020-08-22T14:10:41 IST" finished-at="2020-08-22T14:10:41 IST">
          <exception class="org.openqa.selenium.SessionNotCreatedException">
            <message>
              <![CDATA[session not created
from chrome not reachable
  (Session info: chrome=84.0.4147.135)
Build info: version: '4.0.0-alpha-6', revision: '5f43a29cfc'
System info: host: 'DESKTOP-8RJMFA9', ip: '192.168.1.18', os.name: 'Windows 10', os.arch: 'amd64', os.version: '10.0', java.version: '1.8.0_251'
Driver info: driver.version: ChromeDriver
remote stacktrace: Backtrace:
Ordinal0 [0x003887E3+2852835]
Ordinal0 [0x00275BB1+1727409]
Ordinal0 [0x0014E362+516962]
Ordinal0 [0x00147D82+490882]
Ordinal0 [0x0014846B+492651]
Ordinal0 [0x001493C5+496581]
Ordinal0 [0x00144D64+478564]
Ordinal0 [0x0014F300+520960]
Ordinal0 [0x000FE489+189577]
Ordinal0 [0x000FD7FD+186365]
Ordinal0 [0x000FB70B+177931]
Ordinal0 [0x000E2584+75140]
Ordinal0 [0x000E3650+79440]
Ordinal0 [0x000E35E9+79337]
Ordinal0 [0x0028AD5C+1813852]
GetHandleVerifier [0x004AC616+1075574]
GetHandleVerifier [0x004AC367+1074887]
GetHandleVerifier [0x004B7497+1120247]
GetHandleVerifier [0x004ACC16+1077110]
Ordinal0 [0x00283206+1782278]
Ordinal0 [0x0028C3BB+1819579]
Ordinal0 [0x0028C523+1819939]
Ordinal0 [0x002A2B45+1911621]
BaseThreadInitThunk [0x76556359+25]
RtlGetAppContainerNamedObjectPath [0x77C57C24+228]
RtlGetAppContainerNamedObjectPath [0x77C57BF4+180]
(No symbol) [0x00000000]
]]>
            </message>
            <full-stacktrace>
              <![CDATA[org.openqa.selenium.SessionNotCreatedException: session not created
from chrome not reachable
  (Session info: chrome=84.0.4147.135)
Build info: version: '4.0.0-alpha-6', revision: '5f43a29cfc'
System info: host: 'DESKTOP-8RJMFA9', ip: '192.168.1.18', os.name: 'Windows 10', os.arch: 'amd64', os.version: '10.0', java.version: '1.8.0_251'
Driver info: driver.version: ChromeDriver
remote stacktrace: Backtrace:
Ordinal0 [0x003887E3+2852835]
Ordinal0 [0x00275BB1+1727409]
Ordinal0 [0x0014E362+516962]
Ordinal0 [0x00147D82+490882]
Ordinal0 [0x0014846B+492651]
Ordinal0 [0x001493C5+496581]
Ordinal0 [0x00144D64+478564]
Ordinal0 [0x0014F300+520960]
Ordinal0 [0x000FE489+189577]
Ordinal0 [0x000FD7FD+186365]
Ordinal0 [0x000FB70B+177931]
Ordinal0 [0x000E2584+75140]
Ordinal0 [0x000E3650+79440]
Ordinal0 [0x000E35E9+79337]
Ordinal0 [0x0028AD5C+1813852]
GetHandleVerifier [0x004AC616+1075574]
GetHandleVerifier [0x004AC367+1074887]
GetHandleVerifier [0x004B7497+1120247]
GetHandleVerifier [0x004ACC16+1077110]
Ordinal0 [0x00283206+1782278]
Ordinal0 [0x0028C3BB+1819579]
Ordinal0 [0x0028C523+1819939]
Ordinal0 [0x002A2B45+1911621]
BaseThreadInitThunk [0x76556359+25]
RtlGetAppContainerNamedObjectPath [0x77C57C24+228]
RtlGetAppContainerNamedObjectPath [0x77C57BF4+180]
(No symbol) [0x00000000]

at sun.reflect.NativeConstructorAccessorImpl.newInstance0(Native Method)
at sun.reflect.NativeConstructorAccessorImpl.newInstance(NativeConstructorAccessorImpl.java:62)
at sun.reflect.DelegatingConstructorAccessorImpl.newInstance(DelegatingConstructorAccessorImpl.java:45)
at java.lang.reflect.Constructor.newInstance(Constructor.java:423)
at org.openqa.selenium.remote.W3CHandshakeResponse.lambda$errorHandler$0(W3CHandshakeResponse.java:62)
at org.openqa.selenium.remote.HandshakeResponse.lambda$getResponseFunction$0(HandshakeResponse.java:30)
at org.openqa.selenium.remote.ProtocolHandshake.lambda$createSession$1(ProtocolHandshake.java:126)
at java.util.stream.ReferencePipeline$3$1.accept(ReferencePipeline.java:193)
at java.util.Spliterators$ArraySpliterator.tryAdvance(Spliterators.java:958)
at java.util.stream.ReferencePipeline.forEachWithCancel(ReferencePipeline.java:126)
at java.util.stream.AbstractPipeline.copyIntoWithCancel(AbstractPipeline.java:499)
at java.util.stream.AbstractPipeline.copyInto(AbstractPipeline.java:486)
at java.util.stream.AbstractPipeline.wrapAndCopyInto(AbstractPipeline.java:472)
at java.util.stream.FindOps$FindOp.evaluateSequential(FindOps.java:152)
at java.util.stream.AbstractPipeline.evaluate(AbstractPipeline.java:234)
at java.util.stream.ReferencePipeline.findFirst(ReferencePipeline.java:464)
at org.openqa.selenium.remote.ProtocolHandshake.createSession(ProtocolHandshake.java:128)
at org.openqa.selenium.remote.ProtocolHandshake.createSession(ProtocolHandshake.java:75)
at org.openqa.selenium.remote.HttpCommandExecutor.execute(HttpCommandExecutor.java:138)
at org.openqa.selenium.remote.service.DriverCommandExecutor.execute(DriverCommandExecutor.java:83)
at org.openqa.selenium.remote.RemoteWebDriver.execute(RemoteWebDriver.java:582)
at org.openqa.selenium.remote.RemoteWebDriver.startSession(RemoteWebDriver.java:216)
at org.openqa.selenium.remote.RemoteWebDriver.<init>(RemoteWebDriver.java:136)
at org.openqa.selenium.chromium.ChromiumDriver.<init>(ChromiumDriver.java:75)
at org.openqa.selenium.chrome.ChromeDriver.<init>(ChromeDriver.java:163)
at org.openqa.selenium.chrome.ChromeDriver.<init>(ChromeDriver.java:150)
at org.openqa.selenium.chrome.ChromeDriver.<init>(ChromeDriver.java:105)
at com.samplecrm.qa.base.TestBase.Initialization(TestBase.java:39)
at com.samplecrm.qa.testcases.HomePageTest.setup(HomePageTest.java:24)
at sun.reflect.NativeMethodAccessorImpl.invoke0(Native Method)
at sun.reflect.NativeMethodAccessorImpl.invoke(NativeMethodAccessorImpl.java:62)
at sun.reflect.DelegatingMethodAccessorImpl.invoke(DelegatingMethodAccessorImpl.java:43)
at java.lang.reflect.Method.invoke(Method.java:498)
at org.testng.internal.MethodInvocationHelper.invokeMethod(MethodInvocationHelper.java:134)
at org.testng.internal.MethodInvocationHelper.invokeMethodConsideringTimeout(MethodInvocationHelper.java:63)
at org.testng.internal.ConfigInvoker.invokeConfigurationMethod(ConfigInvoker.java:348)
at org.testng.internal.ConfigInvoker.invokeConfigurations(ConfigInvoker.java:302)
at org.testng.internal.TestInvoker.runConfigMethods(TestInvoker.java:695)
at org.testng.internal.TestInvoker.invokeMethod(TestInvoker.java:523)
at org.testng.internal.TestInvoker.invokeTestMethod(TestInvoker.java:173)
at org.testng.internal.MethodRunner.runInSequence(MethodRunner.java:46)
at org.testng.internal.TestInvoker$MethodInvocationAgent.invoke(TestInvoker.java:816)
at org.testng.internal.TestInvoker.invokeTestMethods(TestInvoker.java:146)
at org.testng.internal.TestMethodWorker.invokeTestMethods(TestMethodWorker.java:146)
at org.testng.internal.TestMethodWorker.run(TestMethodWorker.java:128)
at java.util.ArrayList.forEach(ArrayList.java:1257)
at org.testng.TestRunner.privateRun(TestRunner.java:766)
at org.testng.TestRunner.run(TestRunner.java:587)
at org.testng.SuiteRunner.runTest(SuiteRunner.java:384)
at org.testng.SuiteRunner.runSequentially(SuiteRunner.java:378)
at org.testng.SuiteRunner.privateRun(SuiteRunner.java:337)
at org.testng.SuiteRunner.run(SuiteRunner.java:286)
at org.testng.SuiteRunnerWorker.runSuite(SuiteRunnerWorker.java:53)
at org.testng.SuiteRunnerWorker.run(SuiteRunnerWorker.java:96)
at org.testng.TestNG.runSuitesSequentially(TestNG.java:1187)
at org.testng.TestNG.runSuitesLocally(TestNG.java:1109)
at org.testng.TestNG.runSuites(TestNG.java:1039)
at org.testng.TestNG.run(TestNG.java:1007)
at org.testng.remote.AbstractRemoteTestNG.run(AbstractRemoteTestNG.java:115)
at org.testng.remote.RemoteTestNG.initAndRun(RemoteTestNG.java:251)
at org.testng.remote.RemoteTestNG.main(RemoteTestNG.java:77)
]]>
            </full-stacktrace>
          </exception> <!-- org.openqa.selenium.SessionNotCreatedException -->
          <reporter-output>
          </reporter-output>
        </test-method> <!-- verifyCRMImageTest -->
        <test-method status="SKIP" signature="setup()[pri:0, instance:com.samplecrm.qa.testcases.HomePageTest@32d2fa64]" name="setup" is-config="true" duration-ms="-1598085641226" started-at="2020-08-22T14:10:41 IST" finished-at="1970-01-01T05:30:00 IST">
          <reporter-output>
          </reporter-output>
        </test-method> <!-- setup -->
        <test-method status="SKIP" signature="teardown()[pri:0, instance:com.samplecrm.qa.testcases.HomePageTest@32d2fa64]" name="teardown" is-config="true" duration-ms="-1598085641230" started-at="2020-08-22T14:10:41 IST" finished-at="1970-01-01T05:30:00 IST">
          <reporter-output>
          </reporter-output>
        </test-method> <!-- teardown -->
        <test-method status="SKIP" signature="setup()[pri:0, instance:com.samplecrm.qa.testcases.HomePageTest@32d2fa64]" name="setup" is-config="true" duration-ms="-1598085641234" started-at="2020-08-22T14:10:41 IST" finished-at="1970-01-01T05:30:00 IST">
          <reporter-output>
          </reporter-output>
        </test-method> <!-- setup -->
        <test-method status="SKIP" signature="verifyUserTest()[pri:0, instance:com.samplecrm.qa.testcases.HomePageTest@32d2fa64]" name="verifyUserTest" duration-ms="0" started-at="2020-08-22T14:10:41 IST" finished-at="2020-08-22T14:10:41 IST">
          <exception class="org.openqa.selenium.SessionNotCreatedException">
            <message>
              <![CDATA[session not created
from chrome not reachable
  (Session info: chrome=84.0.4147.135)
Build info: version: '4.0.0-alpha-6', revision: '5f43a29cfc'
System info: host: 'DESKTOP-8RJMFA9', ip: '192.168.1.18', os.name: 'Windows 10', os.arch: 'amd64', os.version: '10.0', java.version: '1.8.0_251'
Driver info: driver.version: ChromeDriver
remote stacktrace: Backtrace:
Ordinal0 [0x003887E3+2852835]
Ordinal0 [0x00275BB1+1727409]
Ordinal0 [0x0014E362+516962]
Ordinal0 [0x00147D82+490882]
Ordinal0 [0x0014846B+492651]
Ordinal0 [0x001493C5+496581]
Ordinal0 [0x00144D64+478564]
Ordinal0 [0x0014F300+520960]
Ordinal0 [0x000FE489+189577]
Ordinal0 [0x000FD7FD+186365]
Ordinal0 [0x000FB70B+177931]
Ordinal0 [0x000E2584+75140]
Ordinal0 [0x000E3650+79440]
Ordinal0 [0x000E35E9+79337]
Ordinal0 [0x0028AD5C+1813852]
GetHandleVerifier [0x004AC616+1075574]
GetHandleVerifier [0x004AC367+1074887]
GetHandleVerifier [0x004B7497+1120247]
GetHandleVerifier [0x004ACC16+1077110]
Ordinal0 [0x00283206+1782278]
Ordinal0 [0x0028C3BB+1819579]
Ordinal0 [0x0028C523+1819939]
Ordinal0 [0x002A2B45+1911621]
BaseThreadInitThunk [0x76556359+25]
RtlGetAppContainerNamedObjectPath [0x77C57C24+228]
RtlGetAppContainerNamedObjectPath [0x77C57BF4+180]
(No symbol) [0x00000000]
]]>
            </message>
            <full-stacktrace>
              <![CDATA[org.openqa.selenium.SessionNotCreatedException: session not created
from chrome not reachable
  (Session info: chrome=84.0.4147.135)
Build info: version: '4.0.0-alpha-6', revision: '5f43a29cfc'
System info: host: 'DESKTOP-8RJMFA9', ip: '192.168.1.18', os.name: 'Windows 10', os.arch: 'amd64', os.version: '10.0', java.version: '1.8.0_251'
Driver info: driver.version: ChromeDriver
remote stacktrace: Backtrace:
Ordinal0 [0x003887E3+2852835]
Ordinal0 [0x00275BB1+1727409]
Ordinal0 [0x0014E362+516962]
Ordinal0 [0x00147D82+490882]
Ordinal0 [0x0014846B+492651]
Ordinal0 [0x001493C5+496581]
Ordinal0 [0x00144D64+478564]
Ordinal0 [0x0014F300+520960]
Ordinal0 [0x000FE489+189577]
Ordinal0 [0x000FD7FD+186365]
Ordinal0 [0x000FB70B+177931]
Ordinal0 [0x000E2584+75140]
Ordinal0 [0x000E3650+79440]
Ordinal0 [0x000E35E9+79337]
Ordinal0 [0x0028AD5C+1813852]
GetHandleVerifier [0x004AC616+1075574]
GetHandleVerifier [0x004AC367+1074887]
GetHandleVerifier [0x004B7497+1120247]
GetHandleVerifier [0x004ACC16+1077110]
Ordinal0 [0x00283206+1782278]
Ordinal0 [0x0028C3BB+1819579]
Ordinal0 [0x0028C523+1819939]
Ordinal0 [0x002A2B45+1911621]
BaseThreadInitThunk [0x76556359+25]
RtlGetAppContainerNamedObjectPath [0x77C57C24+228]
RtlGetAppContainerNamedObjectPath [0x77C57BF4+180]
(No symbol) [0x00000000]

at sun.reflect.NativeConstructorAccessorImpl.newInstance0(Native Method)
at sun.reflect.NativeConstructorAccessorImpl.newInstance(NativeConstructorAccessorImpl.java:62)
at sun.reflect.DelegatingConstructorAccessorImpl.newInstance(DelegatingConstructorAccessorImpl.java:45)
at java.lang.reflect.Constructor.newInstance(Constructor.java:423)
at org.openqa.selenium.remote.W3CHandshakeResponse.lambda$errorHandler$0(W3CHandshakeResponse.java:62)
at org.openqa.selenium.remote.HandshakeResponse.lambda$getResponseFunction$0(HandshakeResponse.java:30)
at org.openqa.selenium.remote.ProtocolHandshake.lambda$createSession$1(ProtocolHandshake.java:126)
at java.util.stream.ReferencePipeline$3$1.accept(ReferencePipeline.java:193)
at java.util.Spliterators$ArraySpliterator.tryAdvance(Spliterators.java:958)
at java.util.stream.ReferencePipeline.forEachWithCancel(ReferencePipeline.java:126)
at java.util.stream.AbstractPipeline.copyIntoWithCancel(AbstractPipeline.java:499)
at java.util.stream.AbstractPipeline.copyInto(AbstractPipeline.java:486)
at java.util.stream.AbstractPipeline.wrapAndCopyInto(AbstractPipeline.java:472)
at java.util.stream.FindOps$FindOp.evaluateSequential(FindOps.java:152)
at java.util.stream.AbstractPipeline.evaluate(AbstractPipeline.java:234)
at java.util.stream.ReferencePipeline.findFirst(ReferencePipeline.java:464)
at org.openqa.selenium.remote.ProtocolHandshake.createSession(ProtocolHandshake.java:128)
at org.openqa.selenium.remote.ProtocolHandshake.createSession(ProtocolHandshake.java:75)
at org.openqa.selenium.remote.HttpCommandExecutor.execute(HttpCommandExecutor.java:138)
at org.openqa.selenium.remote.service.DriverCommandExecutor.execute(DriverCommandExecutor.java:83)
at org.openqa.selenium.remote.RemoteWebDriver.execute(RemoteWebDriver.java:582)
at org.openqa.selenium.remote.RemoteWebDriver.startSession(RemoteWebDriver.java:216)
at org.openqa.selenium.remote.RemoteWebDriver.<init>(RemoteWebDriver.java:136)
at org.openqa.selenium.chromium.ChromiumDriver.<init>(ChromiumDriver.java:75)
at org.openqa.selenium.chrome.ChromeDriver.<init>(ChromeDriver.java:163)
at org.openqa.selenium.chrome.ChromeDriver.<init>(ChromeDriver.java:150)
at org.openqa.selenium.chrome.ChromeDriver.<init>(ChromeDriver.java:105)
at com.samplecrm.qa.base.TestBase.Initialization(TestBase.java:39)
at com.samplecrm.qa.testcases.HomePageTest.setup(HomePageTest.java:24)
at sun.reflect.NativeMethodAccessorImpl.invoke0(Native Method)
at sun.reflect.NativeMethodAccessorImpl.invoke(NativeMethodAccessorImpl.java:62)
at sun.reflect.DelegatingMethodAccessorImpl.invoke(DelegatingMethodAccessorImpl.java:43)
at java.lang.reflect.Method.invoke(Method.java:498)
at org.testng.internal.MethodInvocationHelper.invokeMethod(MethodInvocationHelper.java:134)
at org.testng.internal.MethodInvocationHelper.invokeMethodConsideringTimeout(MethodInvocationHelper.java:63)
at org.testng.internal.ConfigInvoker.invokeConfigurationMethod(ConfigInvoker.java:348)
at org.testng.internal.ConfigInvoker.invokeConfigurations(ConfigInvoker.java:302)
at org.testng.internal.TestInvoker.runConfigMethods(TestInvoker.java:695)
at org.testng.internal.TestInvoker.invokeMethod(TestInvoker.java:523)
at org.testng.internal.TestInvoker.invokeTestMethod(TestInvoker.java:173)
at org.testng.internal.MethodRunner.runInSequence(MethodRunner.java:46)
at org.testng.internal.TestInvoker$MethodInvocationAgent.invoke(TestInvoker.java:816)
at org.testng.internal.TestInvoker.invokeTestMethods(TestInvoker.java:146)
at org.testng.internal.TestMethodWorker.invokeTestMethods(TestMethodWorker.java:146)
at org.testng.internal.TestMethodWorker.run(TestMethodWorker.java:128)
at java.util.ArrayList.forEach(ArrayList.java:1257)
at org.testng.TestRunner.privateRun(TestRunner.java:766)
at org.testng.TestRunner.run(TestRunner.java:587)
at org.testng.SuiteRunner.runTest(SuiteRunner.java:384)
at org.testng.SuiteRunner.runSequentially(SuiteRunner.java:378)
at org.testng.SuiteRunner.privateRun(SuiteRunner.java:337)
at org.testng.SuiteRunner.run(SuiteRunner.java:286)
at org.testng.SuiteRunnerWorker.runSuite(SuiteRunnerWorker.java:53)
at org.testng.SuiteRunnerWorker.run(SuiteRunnerWorker.java:96)
at org.testng.TestNG.runSuitesSequentially(TestNG.java:1187)
at org.testng.TestNG.runSuitesLocally(TestNG.java:1109)
at org.testng.TestNG.runSuites(TestNG.java:1039)
at org.testng.TestNG.run(TestNG.java:1007)
at org.testng.remote.AbstractRemoteTestNG.run(AbstractRemoteTestNG.java:115)
at org.testng.remote.RemoteTestNG.initAndRun(RemoteTestNG.java:251)
at org.testng.remote.RemoteTestNG.main(RemoteTestNG.java:77)
]]>
            </full-stacktrace>
          </exception> <!-- org.openqa.selenium.SessionNotCreatedException -->
          <reporter-output>
          </reporter-output>
        </test-method> <!-- verifyUserTest -->
        <test-method status="SKIP" signature="teardown()[pri:0, instance:com.samplecrm.qa.testcases.HomePageTest@32d2fa64]" name="teardown" is-config="true" duration-ms="-1598085641238" started-at="2020-08-22T14:10:41 IST" finished-at="1970-01-01T05:30:00 IST">
          <reporter-output>
          </reporter-output>
        </test-method> <!-- teardown -->
      </class> <!-- com.samplecrm.qa.testcases.HomePageTest -->
    </test> <!-- Default test -->
  </suite> <!-- Default suite -->
</testng-results>
